<?xml version="1.0" encoding="UTF-8"?>
<testsuite name="DomainLogicTest" tests="4" skipped="0" failures="0" errors="0" timestamp="2023-02-25T07:08:48" hostname="DESKTOP-BDVLSFU" time="0.023">
  <properties/>
  <testcase name="expirationDaysCheck()" classname="DomainLogicTest" time="0.017"/>
  <testcase name="commissionCheck()" classname="DomainLogicTest" time="0.002"/>
  <testcase name="transactionLimitCheck()" classname="DomainLogicTest" time="0.0"/>
  <testcase name="debitPercentCheck()" classname="DomainLogicTest" time="0.001"/>
  <system-out><![CDATA[]]></system-out>
  <system-err><![CDATA[]]></system-err>
</testsuite>
