<?xml version="1.0" encoding="UTF-8"?>
<testsuite name="MockitoTest" tests="2" skipped="0" failures="0" errors="0" timestamp="2023-03-23T21:25:19" hostname="DESKTOP-BDVLSFU" time="0.55">
  <properties/>
  <testcase name="makeCatsAndBothMakingFriendsTest()" classname="MockitoTest" time="0.534"/>
  <testcase name="removeFriendShipAndFriendshipWasRemoved()" classname="MockitoTest" time="0.015"/>
  <system-out><![CDATA[]]></system-out>
  <system-err><![CDATA[]]></system-err>
</testsuite>
