<?xml version="1.0" encoding="UTF-8"?>
<testsuite name="MockitoTest" tests="2" skipped="0" failures="0" errors="0" timestamp="2023-03-10T23:39:52" hostname="DESKTOP-BDVLSFU" time="0.499">
  <properties/>
  <testcase name="makeCatsAndBothMakingFriendsTest()" classname="MockitoTest" time="0.485"/>
  <testcase name="removeFriendShipAndFriendshipWasRemoved()" classname="MockitoTest" time="0.013"/>
  <system-out><![CDATA[]]></system-out>
  <system-err><![CDATA[]]></system-err>
</testsuite>
